0 info it worked if it ends with ok
1 verbose cli [ '/usr/bin/node', '/usr/bin/npm', 'install' ]
2 info using npm@1.4.28
3 info using node@v0.10.33
4 verbose node symlink /usr/bin/node
5 verbose readDependencies using package.json deps
6 verbose install where, deps [ '/home/user/Workspace/Wotoog/togetherjs',
6 verbose install   [ 'less',
6 verbose install     'node-static',
6 verbose install     'websocket',
6 verbose install     'websocket-server',
6 verbose install     'express',
6 verbose install     'winston',
6 verbose install     'habitat',
6 verbose install     'ejs',
6 verbose install     'ejs-locals',
6 verbose install     'universal-analytics',
6 verbose install     'less-middleware',
6 verbose install     'newrelic',
6 verbose install     'grunt-amd-check',
6 verbose install     'optimist',
6 verbose install     'grunt-contrib-less',
6 verbose install     'grunt-contrib-csslint',
6 verbose install     'grunt-contrib-jshint',
6 verbose install     'grunt-contrib-requirejs',
6 verbose install     'grunt-contrib-watch',
6 verbose install     'grunt',
6 verbose install     'grunt-contrib-copy',
6 verbose install     'grunt-http-server',
6 verbose install     'nunjucks',
6 verbose install     'marked',
6 verbose install     'docco',
6 verbose install     'highlight.js',
6 verbose install     'freeport',
6 verbose install     'grunt-lib-phantomjs' ] ]
7 info preinstall togetherjs@0.4.0-a
8 verbose readDependencies using package.json deps
9 verbose cache add [ 'less@~1.3.1', null ]
10 verbose cache add name=undefined spec="less@~1.3.1" args=["less@~1.3.1",null]
11 verbose parsed url { protocol: null,
11 verbose parsed url   slashes: null,
11 verbose parsed url   auth: null,
11 verbose parsed url   host: null,
11 verbose parsed url   port: null,
11 verbose parsed url   hostname: null,
11 verbose parsed url   hash: null,
11 verbose parsed url   search: null,
11 verbose parsed url   query: null,
11 verbose parsed url   pathname: 'less@~1.3.1',
11 verbose parsed url   path: 'less@~1.3.1',
11 verbose parsed url   href: 'less@~1.3.1' }
12 verbose cache add [ 'node-static@~0.6.5', null ]
13 verbose cache add name=undefined spec="node-static@~0.6.5" args=["node-static@~0.6.5",null]
14 verbose parsed url { protocol: null,
14 verbose parsed url   slashes: null,
14 verbose parsed url   auth: null,
14 verbose parsed url   host: null,
14 verbose parsed url   port: null,
14 verbose parsed url   hostname: null,
14 verbose parsed url   hash: null,
14 verbose parsed url   search: null,
14 verbose parsed url   query: null,
14 verbose parsed url   pathname: 'node-static@~0.6.5',
14 verbose parsed url   path: 'node-static@~0.6.5',
14 verbose parsed url   href: 'node-static@~0.6.5' }
15 verbose cache add [ 'websocket@~1.0.7', null ]
16 verbose cache add name=undefined spec="websocket@~1.0.7" args=["websocket@~1.0.7",null]
17 verbose parsed url { protocol: null,
17 verbose parsed url   slashes: null,
17 verbose parsed url   auth: null,
17 verbose parsed url   host: null,
17 verbose parsed url   port: null,
17 verbose parsed url   hostname: null,
17 verbose parsed url   hash: null,
17 verbose parsed url   search: null,
17 verbose parsed url   query: null,
17 verbose parsed url   pathname: 'websocket@~1.0.7',
17 verbose parsed url   path: 'websocket@~1.0.7',
17 verbose parsed url   href: 'websocket@~1.0.7' }
18 verbose cache add [ 'websocket-server@git+https://github.com/miksago/node-websocket-server#master',
18 verbose cache add   null ]
19 verbose cache add name=undefined spec="websocket-server@git+https://github.com/miksago/node-websocket-server#master" args=["websocket-server@git+https://github.com/miksago/node-websocket-server#master",null]
20 verbose parsed url { protocol: null,
20 verbose parsed url   slashes: null,
20 verbose parsed url   auth: null,
20 verbose parsed url   host: null,
20 verbose parsed url   port: null,
20 verbose parsed url   hostname: null,
20 verbose parsed url   hash: '#master',
20 verbose parsed url   search: null,
20 verbose parsed url   query: null,
20 verbose parsed url   pathname: 'websocket-server@git+https://github.com/miksago/node-websocket-server',
20 verbose parsed url   path: 'websocket-server@git+https://github.com/miksago/node-websocket-server',
20 verbose parsed url   href: 'websocket-server@git+https://github.com/miksago/node-websocket-server#master' }
21 verbose cache add [ 'express@~3.0.6', null ]
22 verbose cache add name=undefined spec="express@~3.0.6" args=["express@~3.0.6",null]
23 verbose parsed url { protocol: null,
23 verbose parsed url   slashes: null,
23 verbose parsed url   auth: null,
23 verbose parsed url   host: null,
23 verbose parsed url   port: null,
23 verbose parsed url   hostname: null,
23 verbose parsed url   hash: null,
23 verbose parsed url   search: null,
23 verbose parsed url   query: null,
23 verbose parsed url   pathname: 'express@~3.0.6',
23 verbose parsed url   path: 'express@~3.0.6',
23 verbose parsed url   href: 'express@~3.0.6' }
24 verbose cache add [ 'winston@~0.6.2', null ]
25 verbose cache add name=undefined spec="winston@~0.6.2" args=["winston@~0.6.2",null]
26 verbose parsed url { protocol: null,
26 verbose parsed url   slashes: null,
26 verbose parsed url   auth: null,
26 verbose parsed url   host: null,
26 verbose parsed url   port: null,
26 verbose parsed url   hostname: null,
26 verbose parsed url   hash: null,
26 verbose parsed url   search: null,
26 verbose parsed url   query: null,
26 verbose parsed url   pathname: 'winston@~0.6.2',
26 verbose parsed url   path: 'winston@~0.6.2',
26 verbose parsed url   href: 'winston@~0.6.2' }
27 verbose cache add [ 'habitat@~0.4.0', null ]
28 verbose cache add name=undefined spec="habitat@~0.4.0" args=["habitat@~0.4.0",null]
29 verbose parsed url { protocol: null,
29 verbose parsed url   slashes: null,
29 verbose parsed url   auth: null,
29 verbose parsed url   host: null,
29 verbose parsed url   port: null,
29 verbose parsed url   hostname: null,
29 verbose parsed url   hash: null,
29 verbose parsed url   search: null,
29 verbose parsed url   query: null,
29 verbose parsed url   pathname: 'habitat@~0.4.0',
29 verbose parsed url   path: 'habitat@~0.4.0',
29 verbose parsed url   href: 'habitat@~0.4.0' }
30 verbose cache add [ 'ejs@~0.8.3', null ]
31 verbose cache add name=undefined spec="ejs@~0.8.3" args=["ejs@~0.8.3",null]
32 verbose parsed url { protocol: null,
32 verbose parsed url   slashes: null,
32 verbose parsed url   auth: null,
32 verbose parsed url   host: null,
32 verbose parsed url   port: null,
32 verbose parsed url   hostname: null,
32 verbose parsed url   hash: null,
32 verbose parsed url   search: null,
32 verbose parsed url   query: null,
32 verbose parsed url   pathname: 'ejs@~0.8.3',
32 verbose parsed url   path: 'ejs@~0.8.3',
32 verbose parsed url   href: 'ejs@~0.8.3' }
33 verbose cache add [ 'ejs-locals@~1.0.2', null ]
34 verbose cache add name=undefined spec="ejs-locals@~1.0.2" args=["ejs-locals@~1.0.2",null]
35 verbose parsed url { protocol: null,
35 verbose parsed url   slashes: null,
35 verbose parsed url   auth: null,
35 verbose parsed url   host: null,
35 verbose parsed url   port: null,
35 verbose parsed url   hostname: null,
35 verbose parsed url   hash: null,
35 verbose parsed url   search: null,
35 verbose parsed url   query: null,
35 verbose parsed url   pathname: 'ejs-locals@~1.0.2',
35 verbose parsed url   path: 'ejs-locals@~1.0.2',
35 verbose parsed url   href: 'ejs-locals@~1.0.2' }
36 verbose cache add [ 'universal-analytics@~0.1.3', null ]
37 verbose cache add name=undefined spec="universal-analytics@~0.1.3" args=["universal-analytics@~0.1.3",null]
38 verbose parsed url { protocol: null,
38 verbose parsed url   slashes: null,
38 verbose parsed url   auth: null,
38 verbose parsed url   host: null,
38 verbose parsed url   port: null,
38 verbose parsed url   hostname: null,
38 verbose parsed url   hash: null,
38 verbose parsed url   search: null,
38 verbose parsed url   query: null,
38 verbose parsed url   pathname: 'universal-analytics@~0.1.3',
38 verbose parsed url   path: 'universal-analytics@~0.1.3',
38 verbose parsed url   href: 'universal-analytics@~0.1.3' }
39 verbose cache add [ 'less-middleware@~0.1.9', null ]
40 verbose cache add name=undefined spec="less-middleware@~0.1.9" args=["less-middleware@~0.1.9",null]
41 verbose parsed url { protocol: null,
41 verbose parsed url   slashes: null,
41 verbose parsed url   auth: null,
41 verbose parsed url   host: null,
41 verbose parsed url   port: null,
41 verbose parsed url   hostname: null,
41 verbose parsed url   hash: null,
41 verbose parsed url   search: null,
41 verbose parsed url   query: null,
41 verbose parsed url   pathname: 'less-middleware@~0.1.9',
41 verbose parsed url   path: 'less-middleware@~0.1.9',
41 verbose parsed url   href: 'less-middleware@~0.1.9' }
42 verbose cache add name="less" spec="~1.3.1" args=["less","~1.3.1"]
43 verbose parsed url { protocol: null,
43 verbose parsed url   slashes: null,
43 verbose parsed url   auth: null,
43 verbose parsed url   host: null,
43 verbose parsed url   port: null,
43 verbose parsed url   hostname: null,
43 verbose parsed url   hash: null,
43 verbose parsed url   search: null,
43 verbose parsed url   query: null,
43 verbose parsed url   pathname: '~1.3.1',
43 verbose parsed url   path: '~1.3.1',
43 verbose parsed url   href: '~1.3.1' }
44 verbose addNamed [ 'less', '~1.3.1' ]
45 verbose addNamed [ null, '>=1.3.1-0 <1.4.0-0' ]
46 verbose cache add name="node-static" spec="~0.6.5" args=["node-static","~0.6.5"]
47 verbose parsed url { protocol: null,
47 verbose parsed url   slashes: null,
47 verbose parsed url   auth: null,
47 verbose parsed url   host: null,
47 verbose parsed url   port: null,
47 verbose parsed url   hostname: null,
47 verbose parsed url   hash: null,
47 verbose parsed url   search: null,
47 verbose parsed url   query: null,
47 verbose parsed url   pathname: '~0.6.5',
47 verbose parsed url   path: '~0.6.5',
47 verbose parsed url   href: '~0.6.5' }
48 verbose addNamed [ 'node-static', '~0.6.5' ]
49 verbose addNamed [ null, '>=0.6.5-0 <0.7.0-0' ]
50 verbose cache add name="websocket" spec="~1.0.7" args=["websocket","~1.0.7"]
51 verbose parsed url { protocol: null,
51 verbose parsed url   slashes: null,
51 verbose parsed url   auth: null,
51 verbose parsed url   host: null,
51 verbose parsed url   port: null,
51 verbose parsed url   hostname: null,
51 verbose parsed url   hash: null,
51 verbose parsed url   search: null,
51 verbose parsed url   query: null,
51 verbose parsed url   pathname: '~1.0.7',
51 verbose parsed url   path: '~1.0.7',
51 verbose parsed url   href: '~1.0.7' }
52 verbose addNamed [ 'websocket', '~1.0.7' ]
53 verbose addNamed [ null, '>=1.0.7-0 <1.1.0-0' ]
54 verbose cache add name="websocket-server" spec="git+https://github.com/miksago/node-websocket-server#master" args=["websocket-server","git+https://github.com/miksago/node-websocket-server#master"]
55 verbose parsed url { protocol: 'git+https:',
55 verbose parsed url   slashes: true,
55 verbose parsed url   auth: null,
55 verbose parsed url   host: 'github.com',
55 verbose parsed url   port: null,
55 verbose parsed url   hostname: 'github.com',
55 verbose parsed url   hash: '#master',
55 verbose parsed url   search: null,
55 verbose parsed url   query: null,
55 verbose parsed url   pathname: '/miksago/node-websocket-server',
55 verbose parsed url   path: '/miksago/node-websocket-server',
55 verbose parsed url   href: 'git+https://github.com/miksago/node-websocket-server#master' }
56 verbose cache add name="express" spec="~3.0.6" args=["express","~3.0.6"]
57 verbose parsed url { protocol: null,
57 verbose parsed url   slashes: null,
57 verbose parsed url   auth: null,
57 verbose parsed url   host: null,
57 verbose parsed url   port: null,
57 verbose parsed url   hostname: null,
57 verbose parsed url   hash: null,
57 verbose parsed url   search: null,
57 verbose parsed url   query: null,
57 verbose parsed url   pathname: '~3.0.6',
57 verbose parsed url   path: '~3.0.6',
57 verbose parsed url   href: '~3.0.6' }
58 verbose addNamed [ 'express', '~3.0.6' ]
59 verbose addNamed [ null, '>=3.0.6-0 <3.1.0-0' ]
60 verbose cache add name="winston" spec="~0.6.2" args=["winston","~0.6.2"]
61 verbose parsed url { protocol: null,
61 verbose parsed url   slashes: null,
61 verbose parsed url   auth: null,
61 verbose parsed url   host: null,
61 verbose parsed url   port: null,
61 verbose parsed url   hostname: null,
61 verbose parsed url   hash: null,
61 verbose parsed url   search: null,
61 verbose parsed url   query: null,
61 verbose parsed url   pathname: '~0.6.2',
61 verbose parsed url   path: '~0.6.2',
61 verbose parsed url   href: '~0.6.2' }
62 verbose addNamed [ 'winston', '~0.6.2' ]
63 verbose addNamed [ null, '>=0.6.2-0 <0.7.0-0' ]
64 verbose cache add name="habitat" spec="~0.4.0" args=["habitat","~0.4.0"]
65 verbose parsed url { protocol: null,
65 verbose parsed url   slashes: null,
65 verbose parsed url   auth: null,
65 verbose parsed url   host: null,
65 verbose parsed url   port: null,
65 verbose parsed url   hostname: null,
65 verbose parsed url   hash: null,
65 verbose parsed url   search: null,
65 verbose parsed url   query: null,
65 verbose parsed url   pathname: '~0.4.0',
65 verbose parsed url   path: '~0.4.0',
65 verbose parsed url   href: '~0.4.0' }
66 verbose addNamed [ 'habitat', '~0.4.0' ]
67 verbose addNamed [ null, '>=0.4.0-0 <0.5.0-0' ]
68 verbose cache add name="ejs" spec="~0.8.3" args=["ejs","~0.8.3"]
69 verbose parsed url { protocol: null,
69 verbose parsed url   slashes: null,
69 verbose parsed url   auth: null,
69 verbose parsed url   host: null,
69 verbose parsed url   port: null,
69 verbose parsed url   hostname: null,
69 verbose parsed url   hash: null,
69 verbose parsed url   search: null,
69 verbose parsed url   query: null,
69 verbose parsed url   pathname: '~0.8.3',
69 verbose parsed url   path: '~0.8.3',
69 verbose parsed url   href: '~0.8.3' }
70 verbose addNamed [ 'ejs', '~0.8.3' ]
71 verbose addNamed [ null, '>=0.8.3-0 <0.9.0-0' ]
72 verbose cache add name="ejs-locals" spec="~1.0.2" args=["ejs-locals","~1.0.2"]
73 verbose parsed url { protocol: null,
73 verbose parsed url   slashes: null,
73 verbose parsed url   auth: null,
73 verbose parsed url   host: null,
73 verbose parsed url   port: null,
73 verbose parsed url   hostname: null,
73 verbose parsed url   hash: null,
73 verbose parsed url   search: null,
73 verbose parsed url   query: null,
73 verbose parsed url   pathname: '~1.0.2',
73 verbose parsed url   path: '~1.0.2',
73 verbose parsed url   href: '~1.0.2' }
74 verbose addNamed [ 'ejs-locals', '~1.0.2' ]
75 verbose addNamed [ null, '>=1.0.2-0 <1.1.0-0' ]
76 verbose cache add name="universal-analytics" spec="~0.1.3" args=["universal-analytics","~0.1.3"]
77 verbose parsed url { protocol: null,
77 verbose parsed url   slashes: null,
77 verbose parsed url   auth: null,
77 verbose parsed url   host: null,
77 verbose parsed url   port: null,
77 verbose parsed url   hostname: null,
77 verbose parsed url   hash: null,
77 verbose parsed url   search: null,
77 verbose parsed url   query: null,
77 verbose parsed url   pathname: '~0.1.3',
77 verbose parsed url   path: '~0.1.3',
77 verbose parsed url   href: '~0.1.3' }
78 verbose addNamed [ 'universal-analytics', '~0.1.3' ]
79 verbose addNamed [ null, '>=0.1.3-0 <0.2.0-0' ]
80 verbose cache add name="less-middleware" spec="~0.1.9" args=["less-middleware","~0.1.9"]
81 verbose parsed url { protocol: null,
81 verbose parsed url   slashes: null,
81 verbose parsed url   auth: null,
81 verbose parsed url   host: null,
81 verbose parsed url   port: null,
81 verbose parsed url   hostname: null,
81 verbose parsed url   hash: null,
81 verbose parsed url   search: null,
81 verbose parsed url   query: null,
81 verbose parsed url   pathname: '~0.1.9',
81 verbose parsed url   path: '~0.1.9',
81 verbose parsed url   href: '~0.1.9' }
82 verbose addNamed [ 'less-middleware', '~0.1.9' ]
83 verbose addNamed [ null, '>=0.1.9-0 <0.2.0-0' ]
84 verbose cache add [ 'newrelic@0.9.20', null ]
85 verbose cache add name=undefined spec="newrelic@0.9.20" args=["newrelic@0.9.20",null]
86 verbose parsed url { protocol: null,
86 verbose parsed url   slashes: null,
86 verbose parsed url   auth: null,
86 verbose parsed url   host: null,
86 verbose parsed url   port: null,
86 verbose parsed url   hostname: null,
86 verbose parsed url   hash: null,
86 verbose parsed url   search: null,
86 verbose parsed url   query: null,
86 verbose parsed url   pathname: 'newrelic@0.9.20',
86 verbose parsed url   path: 'newrelic@0.9.20',
86 verbose parsed url   href: 'newrelic@0.9.20' }
87 verbose cache add [ 'grunt-amd-check@~0.5.1', null ]
88 verbose cache add name=undefined spec="grunt-amd-check@~0.5.1" args=["grunt-amd-check@~0.5.1",null]
89 verbose parsed url { protocol: null,
89 verbose parsed url   slashes: null,
89 verbose parsed url   auth: null,
89 verbose parsed url   host: null,
89 verbose parsed url   port: null,
89 verbose parsed url   hostname: null,
89 verbose parsed url   hash: null,
89 verbose parsed url   search: null,
89 verbose parsed url   query: null,
89 verbose parsed url   pathname: 'grunt-amd-check@~0.5.1',
89 verbose parsed url   path: 'grunt-amd-check@~0.5.1',
89 verbose parsed url   href: 'grunt-amd-check@~0.5.1' }
90 verbose cache add [ 'optimist@~0.6.0', null ]
91 verbose cache add name=undefined spec="optimist@~0.6.0" args=["optimist@~0.6.0",null]
92 verbose parsed url { protocol: null,
92 verbose parsed url   slashes: null,
92 verbose parsed url   auth: null,
92 verbose parsed url   host: null,
92 verbose parsed url   port: null,
92 verbose parsed url   hostname: null,
92 verbose parsed url   hash: null,
92 verbose parsed url   search: null,
92 verbose parsed url   query: null,
92 verbose parsed url   pathname: 'optimist@~0.6.0',
92 verbose parsed url   path: 'optimist@~0.6.0',
92 verbose parsed url   href: 'optimist@~0.6.0' }
93 verbose cache add [ 'grunt-contrib-less@~0.5.1', null ]
94 verbose cache add name=undefined spec="grunt-contrib-less@~0.5.1" args=["grunt-contrib-less@~0.5.1",null]
95 verbose parsed url { protocol: null,
95 verbose parsed url   slashes: null,
95 verbose parsed url   auth: null,
95 verbose parsed url   host: null,
95 verbose parsed url   port: null,
95 verbose parsed url   hostname: null,
95 verbose parsed url   hash: null,
95 verbose parsed url   search: null,
95 verbose parsed url   query: null,
95 verbose parsed url   pathname: 'grunt-contrib-less@~0.5.1',
95 verbose parsed url   path: 'grunt-contrib-less@~0.5.1',
95 verbose parsed url   href: 'grunt-contrib-less@~0.5.1' }
96 verbose cache add [ 'grunt-contrib-csslint@~0.1.2', null ]
97 verbose cache add name=undefined spec="grunt-contrib-csslint@~0.1.2" args=["grunt-contrib-csslint@~0.1.2",null]
98 verbose parsed url { protocol: null,
98 verbose parsed url   slashes: null,
98 verbose parsed url   auth: null,
98 verbose parsed url   host: null,
98 verbose parsed url   port: null,
98 verbose parsed url   hostname: null,
98 verbose parsed url   hash: null,
98 verbose parsed url   search: null,
98 verbose parsed url   query: null,
98 verbose parsed url   pathname: 'grunt-contrib-csslint@~0.1.2',
98 verbose parsed url   path: 'grunt-contrib-csslint@~0.1.2',
98 verbose parsed url   href: 'grunt-contrib-csslint@~0.1.2' }
99 verbose cache add [ 'grunt-contrib-jshint@~0.4.3', null ]
100 verbose cache add name=undefined spec="grunt-contrib-jshint@~0.4.3" args=["grunt-contrib-jshint@~0.4.3",null]
101 verbose parsed url { protocol: null,
101 verbose parsed url   slashes: null,
101 verbose parsed url   auth: null,
101 verbose parsed url   host: null,
101 verbose parsed url   port: null,
101 verbose parsed url   hostname: null,
101 verbose parsed url   hash: null,
101 verbose parsed url   search: null,
101 verbose parsed url   query: null,
101 verbose parsed url   pathname: 'grunt-contrib-jshint@~0.4.3',
101 verbose parsed url   path: 'grunt-contrib-jshint@~0.4.3',
101 verbose parsed url   href: 'grunt-contrib-jshint@~0.4.3' }
102 verbose cache add [ 'grunt-contrib-requirejs@~0.4.1', null ]
103 verbose cache add name=undefined spec="grunt-contrib-requirejs@~0.4.1" args=["grunt-contrib-requirejs@~0.4.1",null]
104 verbose parsed url { protocol: null,
104 verbose parsed url   slashes: null,
104 verbose parsed url   auth: null,
104 verbose parsed url   host: null,
104 verbose parsed url   port: null,
104 verbose parsed url   hostname: null,
104 verbose parsed url   hash: null,
104 verbose parsed url   search: null,
104 verbose parsed url   query: null,
104 verbose parsed url   pathname: 'grunt-contrib-requirejs@~0.4.1',
104 verbose parsed url   path: 'grunt-contrib-requirejs@~0.4.1',
104 verbose parsed url   href: 'grunt-contrib-requirejs@~0.4.1' }
105 verbose cache add [ 'grunt-contrib-watch@~0.4.3', null ]
106 verbose cache add name=undefined spec="grunt-contrib-watch@~0.4.3" args=["grunt-contrib-watch@~0.4.3",null]
107 verbose parsed url { protocol: null,
107 verbose parsed url   slashes: null,
107 verbose parsed url   auth: null,
107 verbose parsed url   host: null,
107 verbose parsed url   port: null,
107 verbose parsed url   hostname: null,
107 verbose parsed url   hash: null,
107 verbose parsed url   search: null,
107 verbose parsed url   query: null,
107 verbose parsed url   pathname: 'grunt-contrib-watch@~0.4.3',
107 verbose parsed url   path: 'grunt-contrib-watch@~0.4.3',
107 verbose parsed url   href: 'grunt-contrib-watch@~0.4.3' }
108 verbose cache add [ 'grunt@~0.4.1', null ]
109 verbose cache add name=undefined spec="grunt@~0.4.1" args=["grunt@~0.4.1",null]
110 verbose parsed url { protocol: null,
110 verbose parsed url   slashes: null,
110 verbose parsed url   auth: null,
110 verbose parsed url   host: null,
110 verbose parsed url   port: null,
110 verbose parsed url   hostname: null,
110 verbose parsed url   hash: null,
110 verbose parsed url   search: null,
110 verbose parsed url   query: null,
110 verbose parsed url   pathname: 'grunt@~0.4.1',
110 verbose parsed url   path: 'grunt@~0.4.1',
110 verbose parsed url   href: 'grunt@~0.4.1' }
111 verbose cache add [ 'grunt-contrib-copy@~0.4.1', null ]
112 verbose cache add name=undefined spec="grunt-contrib-copy@~0.4.1" args=["grunt-contrib-copy@~0.4.1",null]
113 verbose parsed url { protocol: null,
113 verbose parsed url   slashes: null,
113 verbose parsed url   auth: null,
113 verbose parsed url   host: null,
113 verbose parsed url   port: null,
113 verbose parsed url   hostname: null,
113 verbose parsed url   hash: null,
113 verbose parsed url   search: null,
113 verbose parsed url   query: null,
113 verbose parsed url   pathname: 'grunt-contrib-copy@~0.4.1',
113 verbose parsed url   path: 'grunt-contrib-copy@~0.4.1',
113 verbose parsed url   href: 'grunt-contrib-copy@~0.4.1' }
114 verbose cache add [ 'grunt-http-server@~0.0.5', null ]
115 verbose cache add name=undefined spec="grunt-http-server@~0.0.5" args=["grunt-http-server@~0.0.5",null]
116 verbose parsed url { protocol: null,
116 verbose parsed url   slashes: null,
116 verbose parsed url   auth: null,
116 verbose parsed url   host: null,
116 verbose parsed url   port: null,
116 verbose parsed url   hostname: null,
116 verbose parsed url   hash: null,
116 verbose parsed url   search: null,
116 verbose parsed url   query: null,
116 verbose parsed url   pathname: 'grunt-http-server@~0.0.5',
116 verbose parsed url   path: 'grunt-http-server@~0.0.5',
116 verbose parsed url   href: 'grunt-http-server@~0.0.5' }
117 verbose cache add [ 'nunjucks@~0.1.8a', null ]
118 verbose cache add name=undefined spec="nunjucks@~0.1.8a" args=["nunjucks@~0.1.8a",null]
119 verbose parsed url { protocol: null,
119 verbose parsed url   slashes: null,
119 verbose parsed url   auth: null,
119 verbose parsed url   host: null,
119 verbose parsed url   port: null,
119 verbose parsed url   hostname: null,
119 verbose parsed url   hash: null,
119 verbose parsed url   search: null,
119 verbose parsed url   query: null,
119 verbose parsed url   pathname: 'nunjucks@~0.1.8a',
119 verbose parsed url   path: 'nunjucks@~0.1.8a',
119 verbose parsed url   href: 'nunjucks@~0.1.8a' }
120 verbose cache add [ 'marked@~0.2.9', null ]
121 verbose cache add name=undefined spec="marked@~0.2.9" args=["marked@~0.2.9",null]
122 verbose parsed url { protocol: null,
122 verbose parsed url   slashes: null,
122 verbose parsed url   auth: null,
122 verbose parsed url   host: null,
122 verbose parsed url   port: null,
122 verbose parsed url   hostname: null,
122 verbose parsed url   hash: null,
122 verbose parsed url   search: null,
122 verbose parsed url   query: null,
122 verbose parsed url   pathname: 'marked@~0.2.9',
122 verbose parsed url   path: 'marked@~0.2.9',
122 verbose parsed url   href: 'marked@~0.2.9' }
123 verbose cache add name="newrelic" spec="0.9.20" args=["newrelic","0.9.20"]
124 verbose parsed url { protocol: null,
124 verbose parsed url   slashes: null,
124 verbose parsed url   auth: null,
124 verbose parsed url   host: null,
124 verbose parsed url   port: null,
124 verbose parsed url   hostname: null,
124 verbose parsed url   hash: null,
124 verbose parsed url   search: null,
124 verbose parsed url   query: null,
124 verbose parsed url   pathname: '0.9.20',
124 verbose parsed url   path: '0.9.20',
124 verbose parsed url   href: '0.9.20' }
125 verbose addNamed [ 'newrelic', '0.9.20' ]
126 verbose addNamed [ '0.9.20', '0.9.20' ]
127 silly lockFile a35e59aa-newrelic-0-9-20 newrelic@0.9.20
128 verbose lock newrelic@0.9.20 /root/.npm/a35e59aa-newrelic-0-9-20.lock
129 verbose cache add name="grunt-amd-check" spec="~0.5.1" args=["grunt-amd-check","~0.5.1"]
130 verbose parsed url { protocol: null,
130 verbose parsed url   slashes: null,
130 verbose parsed url   auth: null,
130 verbose parsed url   host: null,
130 verbose parsed url   port: null,
130 verbose parsed url   hostname: null,
130 verbose parsed url   hash: null,
130 verbose parsed url   search: null,
130 verbose parsed url   query: null,
130 verbose parsed url   pathname: '~0.5.1',
130 verbose parsed url   path: '~0.5.1',
130 verbose parsed url   href: '~0.5.1' }
131 verbose addNamed [ 'grunt-amd-check', '~0.5.1' ]
132 verbose addNamed [ null, '>=0.5.1-0 <0.6.0-0' ]
133 silly lockFile 1c27278f-grunt-amd-check-0-5-1 grunt-amd-check@~0.5.1
134 verbose lock grunt-amd-check@~0.5.1 /root/.npm/1c27278f-grunt-amd-check-0-5-1.lock
135 verbose cache add name="optimist" spec="~0.6.0" args=["optimist","~0.6.0"]
136 verbose parsed url { protocol: null,
136 verbose parsed url   slashes: null,
136 verbose parsed url   auth: null,
136 verbose parsed url   host: null,
136 verbose parsed url   port: null,
136 verbose parsed url   hostname: null,
136 verbose parsed url   hash: null,
136 verbose parsed url   search: null,
136 verbose parsed url   query: null,
136 verbose parsed url   pathname: '~0.6.0',
136 verbose parsed url   path: '~0.6.0',
136 verbose parsed url   href: '~0.6.0' }
137 verbose addNamed [ 'optimist', '~0.6.0' ]
138 verbose addNamed [ null, '>=0.6.0-0 <0.7.0-0' ]
139 silly lockFile 07193858-optimist-0-6-0 optimist@~0.6.0
140 verbose lock optimist@~0.6.0 /root/.npm/07193858-optimist-0-6-0.lock
141 verbose cache add name="grunt-contrib-less" spec="~0.5.1" args=["grunt-contrib-less","~0.5.1"]
142 verbose parsed url { protocol: null,
142 verbose parsed url   slashes: null,
142 verbose parsed url   auth: null,
142 verbose parsed url   host: null,
142 verbose parsed url   port: null,
142 verbose parsed url   hostname: null,
142 verbose parsed url   hash: null,
142 verbose parsed url   search: null,
142 verbose parsed url   query: null,
142 verbose parsed url   pathname: '~0.5.1',
142 verbose parsed url   path: '~0.5.1',
142 verbose parsed url   href: '~0.5.1' }
143 verbose addNamed [ 'grunt-contrib-less', '~0.5.1' ]
144 verbose addNamed [ null, '>=0.5.1-0 <0.6.0-0' ]
145 silly lockFile fae769f5-grunt-contrib-less-0-5-1 grunt-contrib-less@~0.5.1
146 verbose lock grunt-contrib-less@~0.5.1 /root/.npm/fae769f5-grunt-contrib-less-0-5-1.lock
147 verbose cache add name="grunt-contrib-csslint" spec="~0.1.2" args=["grunt-contrib-csslint","~0.1.2"]
148 verbose parsed url { protocol: null,
148 verbose parsed url   slashes: null,
148 verbose parsed url   auth: null,
148 verbose parsed url   host: null,
148 verbose parsed url   port: null,
148 verbose parsed url   hostname: null,
148 verbose parsed url   hash: null,
148 verbose parsed url   search: null,
148 verbose parsed url   query: null,
148 verbose parsed url   pathname: '~0.1.2',
148 verbose parsed url   path: '~0.1.2',
148 verbose parsed url   href: '~0.1.2' }
149 verbose addNamed [ 'grunt-contrib-csslint', '~0.1.2' ]
150 verbose addNamed [ null, '>=0.1.2-0 <0.2.0-0' ]
151 silly lockFile 43e2449a-grunt-contrib-csslint-0-1-2 grunt-contrib-csslint@~0.1.2
152 verbose lock grunt-contrib-csslint@~0.1.2 /root/.npm/43e2449a-grunt-contrib-csslint-0-1-2.lock
153 verbose cache add name="grunt-contrib-jshint" spec="~0.4.3" args=["grunt-contrib-jshint","~0.4.3"]
154 verbose parsed url { protocol: null,
154 verbose parsed url   slashes: null,
154 verbose parsed url   auth: null,
154 verbose parsed url   host: null,
154 verbose parsed url   port: null,
154 verbose parsed url   hostname: null,
154 verbose parsed url   hash: null,
154 verbose parsed url   search: null,
154 verbose parsed url   query: null,
154 verbose parsed url   pathname: '~0.4.3',
154 verbose parsed url   path: '~0.4.3',
154 verbose parsed url   href: '~0.4.3' }
155 verbose addNamed [ 'grunt-contrib-jshint', '~0.4.3' ]
156 verbose addNamed [ null, '>=0.4.3-0 <0.5.0-0' ]
157 silly lockFile e22b9980-grunt-contrib-jshint-0-4-3 grunt-contrib-jshint@~0.4.3
158 verbose lock grunt-contrib-jshint@~0.4.3 /root/.npm/e22b9980-grunt-contrib-jshint-0-4-3.lock
159 verbose cache add name="grunt-contrib-requirejs" spec="~0.4.1" args=["grunt-contrib-requirejs","~0.4.1"]
160 verbose parsed url { protocol: null,
160 verbose parsed url   slashes: null,
160 verbose parsed url   auth: null,
160 verbose parsed url   host: null,
160 verbose parsed url   port: null,
160 verbose parsed url   hostname: null,
160 verbose parsed url   hash: null,
160 verbose parsed url   search: null,
160 verbose parsed url   query: null,
160 verbose parsed url   pathname: '~0.4.1',
160 verbose parsed url   path: '~0.4.1',
160 verbose parsed url   href: '~0.4.1' }
161 verbose addNamed [ 'grunt-contrib-requirejs', '~0.4.1' ]
162 verbose addNamed [ null, '>=0.4.1-0 <0.5.0-0' ]
163 silly lockFile 334939f7-grunt-contrib-requirejs-0-4-1 grunt-contrib-requirejs@~0.4.1
164 verbose lock grunt-contrib-requirejs@~0.4.1 /root/.npm/334939f7-grunt-contrib-requirejs-0-4-1.lock
165 verbose cache add name="grunt-contrib-watch" spec="~0.4.3" args=["grunt-contrib-watch","~0.4.3"]
166 verbose parsed url { protocol: null,
166 verbose parsed url   slashes: null,
166 verbose parsed url   auth: null,
166 verbose parsed url   host: null,
166 verbose parsed url   port: null,
166 verbose parsed url   hostname: null,
166 verbose parsed url   hash: null,
166 verbose parsed url   search: null,
166 verbose parsed url   query: null,
166 verbose parsed url   pathname: '~0.4.3',
166 verbose parsed url   path: '~0.4.3',
166 verbose parsed url   href: '~0.4.3' }
167 verbose addNamed [ 'grunt-contrib-watch', '~0.4.3' ]
168 verbose addNamed [ null, '>=0.4.3-0 <0.5.0-0' ]
169 silly lockFile 1a6d9309-grunt-contrib-watch-0-4-3 grunt-contrib-watch@~0.4.3
170 verbose lock grunt-contrib-watch@~0.4.3 /root/.npm/1a6d9309-grunt-contrib-watch-0-4-3.lock
171 verbose cache add name="grunt" spec="~0.4.1" args=["grunt","~0.4.1"]
172 verbose parsed url { protocol: null,
172 verbose parsed url   slashes: null,
172 verbose parsed url   auth: null,
172 verbose parsed url   host: null,
172 verbose parsed url   port: null,
172 verbose parsed url   hostname: null,
172 verbose parsed url   hash: null,
172 verbose parsed url   search: null,
172 verbose parsed url   query: null,
172 verbose parsed url   pathname: '~0.4.1',
172 verbose parsed url   path: '~0.4.1',
172 verbose parsed url   href: '~0.4.1' }
173 verbose addNamed [ 'grunt', '~0.4.1' ]
174 verbose addNamed [ null, '>=0.4.1-0 <0.5.0-0' ]
175 silly lockFile 766a3bd3-grunt-0-4-1 grunt@~0.4.1
176 verbose lock grunt@~0.4.1 /root/.npm/766a3bd3-grunt-0-4-1.lock
177 verbose cache add name="grunt-contrib-copy" spec="~0.4.1" args=["grunt-contrib-copy","~0.4.1"]
178 verbose parsed url { protocol: null,
178 verbose parsed url   slashes: null,
178 verbose parsed url   auth: null,
178 verbose parsed url   host: null,
178 verbose parsed url   port: null,
178 verbose parsed url   hostname: null,
178 verbose parsed url   hash: null,
178 verbose parsed url   search: null,
178 verbose parsed url   query: null,
178 verbose parsed url   pathname: '~0.4.1',
178 verbose parsed url   path: '~0.4.1',
178 verbose parsed url   href: '~0.4.1' }
179 verbose addNamed [ 'grunt-contrib-copy', '~0.4.1' ]
180 verbose addNamed [ null, '>=0.4.1-0 <0.5.0-0' ]
181 silly lockFile c84f658a-grunt-contrib-copy-0-4-1 grunt-contrib-copy@~0.4.1
182 verbose lock grunt-contrib-copy@~0.4.1 /root/.npm/c84f658a-grunt-contrib-copy-0-4-1.lock
183 verbose cache add name="grunt-http-server" spec="~0.0.5" args=["grunt-http-server","~0.0.5"]
184 verbose parsed url { protocol: null,
184 verbose parsed url   slashes: null,
184 verbose parsed url   auth: null,
184 verbose parsed url   host: null,
184 verbose parsed url   port: null,
184 verbose parsed url   hostname: null,
184 verbose parsed url   hash: null,
184 verbose parsed url   search: null,
184 verbose parsed url   query: null,
184 verbose parsed url   pathname: '~0.0.5',
184 verbose parsed url   path: '~0.0.5',
184 verbose parsed url   href: '~0.0.5' }
185 verbose addNamed [ 'grunt-http-server', '~0.0.5' ]
186 verbose addNamed [ null, '>=0.0.5-0 <0.1.0-0' ]
187 silly lockFile adb00200-grunt-http-server-0-0-5 grunt-http-server@~0.0.5
188 verbose lock grunt-http-server@~0.0.5 /root/.npm/adb00200-grunt-http-server-0-0-5.lock
189 verbose cache add name="nunjucks" spec="~0.1.8a" args=["nunjucks","~0.1.8a"]
190 verbose parsed url { protocol: null,
190 verbose parsed url   slashes: null,
190 verbose parsed url   auth: null,
190 verbose parsed url   host: null,
190 verbose parsed url   port: null,
190 verbose parsed url   hostname: null,
190 verbose parsed url   hash: null,
190 verbose parsed url   search: null,
190 verbose parsed url   query: null,
190 verbose parsed url   pathname: '~0.1.8a',
190 verbose parsed url   path: '~0.1.8a',
190 verbose parsed url   href: '~0.1.8a' }
191 verbose addNamed [ 'nunjucks', '~0.1.8a' ]
192 verbose addNamed [ null, null ]
193 silly lockFile 67d7d8d7-nunjucks-0-1-8a nunjucks@~0.1.8a
194 verbose lock nunjucks@~0.1.8a /root/.npm/67d7d8d7-nunjucks-0-1-8a.lock
195 verbose cache add name="marked" spec="~0.2.9" args=["marked","~0.2.9"]
196 verbose parsed url { protocol: null,
196 verbose parsed url   slashes: null,
196 verbose parsed url   auth: null,
196 verbose parsed url   host: null,
196 verbose parsed url   port: null,
196 verbose parsed url   hostname: null,
196 verbose parsed url   hash: null,
196 verbose parsed url   search: null,
196 verbose parsed url   query: null,
196 verbose parsed url   pathname: '~0.2.9',
196 verbose parsed url   path: '~0.2.9',
196 verbose parsed url   href: '~0.2.9' }
197 verbose addNamed [ 'marked', '~0.2.9' ]
198 verbose addNamed [ null, '>=0.2.9-0 <0.3.0-0' ]
199 silly lockFile 14ff1a6e-marked-0-2-9 marked@~0.2.9
200 verbose lock marked@~0.2.9 /root/.npm/14ff1a6e-marked-0-2-9.lock
201 verbose cache add [ 'docco@~0.6.2', null ]
202 verbose cache add name=undefined spec="docco@~0.6.2" args=["docco@~0.6.2",null]
203 verbose parsed url { protocol: null,
203 verbose parsed url   slashes: null,
203 verbose parsed url   auth: null,
203 verbose parsed url   host: null,
203 verbose parsed url   port: null,
203 verbose parsed url   hostname: null,
203 verbose parsed url   hash: null,
203 verbose parsed url   search: null,
203 verbose parsed url   query: null,
203 verbose parsed url   pathname: 'docco@~0.6.2',
203 verbose parsed url   path: 'docco@~0.6.2',
203 verbose parsed url   href: 'docco@~0.6.2' }
204 verbose cache add [ 'highlight.js@~7.3.0', null ]
205 verbose cache add name=undefined spec="highlight.js@~7.3.0" args=["highlight.js@~7.3.0",null]
206 verbose parsed url { protocol: null,
206 verbose parsed url   slashes: null,
206 verbose parsed url   auth: null,
206 verbose parsed url   host: null,
206 verbose parsed url   port: null,
206 verbose parsed url   hostname: null,
206 verbose parsed url   hash: null,
206 verbose parsed url   search: null,
206 verbose parsed url   query: null,
206 verbose parsed url   pathname: 'highlight.js@~7.3.0',
206 verbose parsed url   path: 'highlight.js@~7.3.0',
206 verbose parsed url   href: 'highlight.js@~7.3.0' }
207 verbose cache add [ 'freeport@~1.0.3', null ]
208 verbose cache add name=undefined spec="freeport@~1.0.3" args=["freeport@~1.0.3",null]
209 verbose parsed url { protocol: null,
209 verbose parsed url   slashes: null,
209 verbose parsed url   auth: null,
209 verbose parsed url   host: null,
209 verbose parsed url   port: null,
209 verbose parsed url   hostname: null,
209 verbose parsed url   hash: null,
209 verbose parsed url   search: null,
209 verbose parsed url   query: null,
209 verbose parsed url   pathname: 'freeport@~1.0.3',
209 verbose parsed url   path: 'freeport@~1.0.3',
209 verbose parsed url   href: 'freeport@~1.0.3' }
210 verbose cache add [ 'grunt-lib-phantomjs@~0.6.0', null ]
211 verbose cache add name=undefined spec="grunt-lib-phantomjs@~0.6.0" args=["grunt-lib-phantomjs@~0.6.0",null]
212 verbose parsed url { protocol: null,
212 verbose parsed url   slashes: null,
212 verbose parsed url   auth: null,
212 verbose parsed url   host: null,
212 verbose parsed url   port: null,
212 verbose parsed url   hostname: null,
212 verbose parsed url   hash: null,
212 verbose parsed url   search: null,
212 verbose parsed url   query: null,
212 verbose parsed url   pathname: 'grunt-lib-phantomjs@~0.6.0',
212 verbose parsed url   path: 'grunt-lib-phantomjs@~0.6.0',
212 verbose parsed url   href: 'grunt-lib-phantomjs@~0.6.0' }
213 verbose cache add name="docco" spec="~0.6.2" args=["docco","~0.6.2"]
214 verbose parsed url { protocol: null,
214 verbose parsed url   slashes: null,
214 verbose parsed url   auth: null,
214 verbose parsed url   host: null,
214 verbose parsed url   port: null,
214 verbose parsed url   hostname: null,
214 verbose parsed url   hash: null,
214 verbose parsed url   search: null,
214 verbose parsed url   query: null,
214 verbose parsed url   pathname: '~0.6.2',
214 verbose parsed url   path: '~0.6.2',
214 verbose parsed url   href: '~0.6.2' }
215 verbose addNamed [ 'docco', '~0.6.2' ]
216 verbose addNamed [ null, '>=0.6.2-0 <0.7.0-0' ]
217 silly lockFile 8a07d3d9-docco-0-6-2 docco@~0.6.2
218 verbose lock docco@~0.6.2 /root/.npm/8a07d3d9-docco-0-6-2.lock
219 verbose cache add name="highlight.js" spec="~7.3.0" args=["highlight.js","~7.3.0"]
220 verbose parsed url { protocol: null,
220 verbose parsed url   slashes: null,
220 verbose parsed url   auth: null,
220 verbose parsed url   host: null,
220 verbose parsed url   port: null,
220 verbose parsed url   hostname: null,
220 verbose parsed url   hash: null,
220 verbose parsed url   search: null,
220 verbose parsed url   query: null,
220 verbose parsed url   pathname: '~7.3.0',
220 verbose parsed url   path: '~7.3.0',
220 verbose parsed url   href: '~7.3.0' }
221 verbose addNamed [ 'highlight.js', '~7.3.0' ]
222 verbose addNamed [ null, '>=7.3.0-0 <7.4.0-0' ]
223 silly lockFile a150b94d-highlight-js-7-3-0 highlight.js@~7.3.0
224 verbose lock highlight.js@~7.3.0 /root/.npm/a150b94d-highlight-js-7-3-0.lock
225 verbose cache add name="freeport" spec="~1.0.3" args=["freeport","~1.0.3"]
226 verbose parsed url { protocol: null,
226 verbose parsed url   slashes: null,
226 verbose parsed url   auth: null,
226 verbose parsed url   host: null,
226 verbose parsed url   port: null,
226 verbose parsed url   hostname: null,
226 verbose parsed url   hash: null,
226 verbose parsed url   search: null,
226 verbose parsed url   query: null,
226 verbose parsed url   pathname: '~1.0.3',
226 verbose parsed url   path: '~1.0.3',
226 verbose parsed url   href: '~1.0.3' }
227 verbose addNamed [ 'freeport', '~1.0.3' ]
228 verbose addNamed [ null, '>=1.0.3-0 <1.1.0-0' ]
229 silly lockFile 3f99ead1-freeport-1-0-3 freeport@~1.0.3
230 verbose lock freeport@~1.0.3 /root/.npm/3f99ead1-freeport-1-0-3.lock
231 verbose cache add name="grunt-lib-phantomjs" spec="~0.6.0" args=["grunt-lib-phantomjs","~0.6.0"]
232 verbose parsed url { protocol: null,
232 verbose parsed url   slashes: null,
232 verbose parsed url   auth: null,
232 verbose parsed url   host: null,
232 verbose parsed url   port: null,
232 verbose parsed url   hostname: null,
232 verbose parsed url   hash: null,
232 verbose parsed url   search: null,
232 verbose parsed url   query: null,
232 verbose parsed url   pathname: '~0.6.0',
232 verbose parsed url   path: '~0.6.0',
232 verbose parsed url   href: '~0.6.0' }
233 verbose addNamed [ 'grunt-lib-phantomjs', '~0.6.0' ]
234 verbose addNamed [ null, '>=0.6.0-0 <0.7.0-0' ]
235 silly lockFile c80072ad-grunt-lib-phantomjs-0-6-0 grunt-lib-phantomjs@~0.6.0
236 verbose lock grunt-lib-phantomjs@~0.6.0 /root/.npm/c80072ad-grunt-lib-phantomjs-0-6-0.lock
237 silly lockFile a35e59aa-newrelic-0-9-20 newrelic@0.9.20
238 error Error: Attempt to unlock newrelic@0.9.20, which hasn't been locked
238 error     at unlock (/usr/lib/node_modules/npm/lib/utils/locker.js:44:11)
238 error     at cb (/usr/lib/node_modules/npm/lib/cache/add-named.js:32:5)
238 error     at /usr/lib/node_modules/npm/lib/cache/add-named.js:41:20
238 error     at /usr/lib/node_modules/npm/lib/utils/locker.js:30:7
238 error     at cb (/usr/lib/node_modules/npm/node_modules/lockfile/lockfile.js:149:38)
238 error     at /usr/lib/node_modules/npm/node_modules/lockfile/lockfile.js:177:38
238 error     at Object.oncomplete (fs.js:107:15)
239 error If you need help, you may report this *entire* log,
239 error including the npm and node versions, at:
239 error     <http://github.com/npm/npm/issues>
240 error System Linux 3.2.0-4-486
241 error command "/usr/bin/node" "/usr/bin/npm" "install"
242 error cwd /home/user/Workspace/Wotoog/togetherjs
243 error node -v v0.10.33
244 error npm -v 1.4.28
245 verbose exit [ 1, true ]
